<?xml version="1.0" encoding="UTF-8"?>
<testng-results ignored="0" total="1" passed="1" failed="0" skipped="0">
  <reporter-output>
  </reporter-output>
  <suite started-at="2022-05-20T15:33:12 IST" name="Default suite" finished-at="2022-05-20T15:33:19 IST" duration-ms="7828">
    <groups>
    </groups>
    <test started-at="2022-05-20T15:33:12 IST" name="Default test" finished-at="2022-05-20T15:33:19 IST" duration-ms="7828">
      <class name="com.rmgyantra.EndToEndScenario.EndToEndScenario">
        <test-method is-config="true" signature="connectDB()[pri:0, instance:com.rmgyantra.EndToEndScenario.EndToEndScenario@7d4f9aae]" started-at="2022-05-20T15:33:11 IST" name="connectDB" finished-at="2022-05-20T15:33:12 IST" duration-ms="568" status="PASS">
          <reporter-output>
          </reporter-output>
        </test-method> <!-- connectDB -->
        <test-method signature="endToEndScenario()[pri:0, instance:com.rmgyantra.EndToEndScenario.EndToEndScenario@7d4f9aae]" started-at="2022-05-20T15:33:12 IST" name="endToEndScenario" finished-at="2022-05-20T15:33:19 IST" duration-ms="7741" status="PASS">
          <reporter-output>
          </reporter-output>
        </test-method> <!-- endToEndScenario -->
        <test-method is-config="true" signature="closeDB()[pri:0, instance:com.rmgyantra.EndToEndScenario.EndToEndScenario@7d4f9aae]" started-at="2022-05-20T15:33:19 IST" name="closeDB" finished-at="2022-05-20T15:33:19 IST" duration-ms="14" status="PASS">
          <reporter-output>
          </reporter-output>
        </test-method> <!-- closeDB -->
      </class> <!-- com.rmgyantra.EndToEndScenario.EndToEndScenario -->
    </test> <!-- Default test -->
  </suite> <!-- Default suite -->
</testng-results>
